{"/Users/oscar.oceguera/Documents/repos/examples/workspaces-playground/03-monorepo-ts/packages/is-even/index.ts": {"path":"/Users/oscar.oceguera/Documents/repos/examples/workspaces-playground/03-monorepo-ts/packages/is-even/index.ts","statementMap":{"0":{"start":{"line":2,"column":2},"end":{"line":2,"column":21}},"1":{"start":{"line":1,"column":0},"end":{"line":1,"column":16}}},"fnMap":{"0":{"name":"isEven","decl":{"start":{"line":1,"column":16},"end":{"line":1,"column":22}},"loc":{"start":{"line":1,"column":32},"end":{"line":3,"column":1}}}},"branchMap":{},"s":{"0":0,"1":0},"f":{"0":0},"b":{}}
,"/Users/oscar.oceguera/Documents/repos/examples/workspaces-playground/03-monorepo-ts/packages/is-odd/index.ts": {"path":"/Users/oscar.oceguera/Documents/repos/examples/workspaces-playground/03-monorepo-ts/packages/is-odd/index.ts","statementMap":{"0":{"start":{"line":1,"column":0},"end":{"line":1,"column":44}},"1":{"start":{"line":4,"column":2},"end":{"line":4,"column":29}},"2":{"start":{"line":3,"column":0},"end":{"line":3,"column":16}}},"fnMap":{"0":{"name":"isOdd","decl":{"start":{"line":3,"column":16},"end":{"line":3,"column":21}},"loc":{"start":{"line":3,"column":31},"end":{"line":5,"column":1}}}},"branchMap":{},"s":{"0":1,"1":4,"2":1},"f":{"0":4},"b":{}}
}
